Version 1.4 

-------- THE HPL ENGINE LOG ------------
Creating Engine Modules
--------------------------------------------------------
 Creating graphics module
 Creating system module
 Creating resource module
 Creating input module
 Creating sound module
 Creating physics module
 Creating ai module
 Creating gui module
 Creating generate module
 Creating haptic module
 Creating scene module
--------------------------------------------------------

Initializing Resources Module
--------------------------------------------------------
 Creating loader handlers 
 Creating resource managers
 Adding loaders to handlers 
--------------------------------------------------------

Initializing Graphics Module
--------------------------------------------------------
Init lowlevel graphics: 1440x900 disp:0 bpp:32 fs:1 ms:0 gpufmt:2 cap:'Amnesia - The Dark Descent - Loading...' pos:(-1x-1)
 Setting video mode: 1440 x 900 - 32 bpp
 Init Glew...OK
 Setting up OpenGL
  Vendor: NVIDIA Corporation
  Renderer: GeForce GTX 1050 Ti/PCIe/SSE2
  Version: 4.6.0 NVIDIA 456.71
  Max texture image units: 32
  Max texture coord units: 8
  Max user clip planes: 8
  Two sided stencil: 1
  Vertex Buffer Object: 1
  Anisotropic filtering: 1
  Max Anisotropic degree: 16
  Multisampling: 1
  Texture compression: 1
  Texture compression S3TC: 1
  Auto generate MipMaps: 1
  Render to texture: 1
  Max draw buffers: 8
  Max color render targets: 8
  Packed depth-stencil: 1
  Texture float: 1
  GLSL Version: 4.60 NVIDIA
  ShaderModel 2: 1
  ShaderModel 3: 1
  ShaderModel 4: 1
  OGL ATIFragmentShader: 0
Setting up G-Bugger: type: 0 texturenum: 3
 Adding engine materials
 Initializing DevIL
  Vendor String: Abysmal Software
  Version String: Developer's Image Library (DevIL) 1.7.8
  Version Number: 178
 Adding engine post effects
--------------------------------------------------------

Initializing Sound Module
--------------------------------------------------------
 Initializing OpenAL
  Available OpenAL devices:
   0. Generic Software on Динамики (Realtek High Definition Audio)(OpenAL default)
   1. Generic Software on Speakers (NVIDIA RTX Voice)
  Trying to open device 'Generic Software on Динамики (Realtek High Definition Audio)'... Success!
  Number of mono sources: 32
  Streaming setup: 4 Buffers x 262144 bytes each
--------------------------------------------------------

Initializing Game Module
--------------------------------------------------------
 Adding engine updates
 Initializing script functions
--------------------------------------------------------

User Initialization
--------------------------------------------------------
--------------------------------------------------------

Game Running
--------------------------------------------------------
 -------- Loading map 'menu_bg.map' ---------
    Cache Loading: 794 ms
  Entities: 138 ms
  Compilation: 0 ms
  Total: 946 ms
  Meshes created: 26
  Bodies created: 5
 -------- Loading complete ---------
ERROR: Sampler aGoboMap does not exist, could not bind it to unit 5
 Setting profile: '_____' Path: 'C:\Users\pepega_Based\Documents/Amnesia/Main/_____/'
 Saving main config.
 Saving user config.
 Saving main config.
 Saving user config.
-------- BEGIN LOAD FROM C:\Users\pepega_Based\Documents/Amnesia/Main/_____/AutoSave_PrisonSouth_2021_2_19_22_46_50_0.sav ---------
LOADING SAVE GAME!
 -------- Loading map '15_prison_south.map' ---------
ERROR: Sampler aNormalMap does not exist, could not bind it to unit 1
ERROR: Sampler aNormalMap does not exist, could not bind it to unit 1
ERROR: Sampler aDiffuseMap does not exist, could not bind it to unit 0
ERROR: Sampler aDiffuseMap does not exist, could not bind it to unit 0
    Cache Loading: 3004 ms
  Entities: 2913 ms
  Compilation: 21 ms
  Total: 6141 ms
  Meshes created: 201
  Bodies created: 66
 -------- Loading complete ---------
WARNING: Could not find player start node ''
ERROR: StartPos '' does not exist!
ERROR: Loading entity rope_beam02_1: Skeletons in mesh file (C:/Games/XCOM 2/Amnesia - The Dark Descent/entities/equipment/rope_beam/rope_beam02.dae) and .ent file (C:/Games/XCOM 2/Amnesia - The Dark Descent/entities/equipment/rope_beam/rope_beam02.ent) differ! Probably caused by .ent not being up to date with mesh
ERROR: Loading entity corpse_male_1: Skeletons in mesh file (C:/Games/XCOM 2/Amnesia - The Dark Descent/entities/organic/corpse_male/corpse_male.dae) and .ent file (C:/Games/XCOM 2/Amnesia - The Dark Descent/entities/organic/corpse_male/corpse_male.ent) differ! Probably caused by .ent not being up to date with mesh
-------- END LOAD ---------
ERROR: Sampler aGoboMap does not exist, could not bind it to unit 5
ERROR: Sampler aGoboMap does not exist, could not bind it to unit 5
ERROR: Sampler aGoboMap does not exist, could not bind it to unit 5
 Saving main config.
 Saving user config.
 Saving main config.
 Saving user config.
 Saving main config.
 Saving user config.
 Saving main config.
 Saving user config.
ERROR: Couldn't create SoundEntity 'step_walk_.snt'
 -------- Loading map '15_prison_north.map' ---------
    Cache Loading: 796 ms
ERROR: Loading entity object_1: Skeletons in mesh file (C:/Games/XCOM 2/Amnesia - The Dark Descent/entities/organic/pig_corpse/pig_corpse.dae) and .ent file (C:/Games/XCOM 2/Amnesia - The Dark Descent/entities/organic/pig_corpse/pig_corpse.ent) differ! Probably caused by .ent not being up to date with mesh
ERROR: Loading entity rope_beam02_1: Skeletons in mesh file (C:/Games/XCOM 2/Amnesia - The Dark Descent/entities/equipment/rope_beam/rope_beam02.dae) and .ent file (C:/Games/XCOM 2/Amnesia - The Dark Descent/entities/equipment/rope_beam/rope_beam02.ent) differ! Probably caused by .ent not being up to date with mesh
ERROR: Loading entity rope_beam02_2: Skeletons in mesh file (C:/Games/XCOM 2/Amnesia - The Dark Descent/entities/equipment/rope_beam/rope_beam02.dae) and .ent file (C:/Games/XCOM 2/Amnesia - The Dark Descent/entities/equipment/rope_beam/rope_beam02.ent) differ! Probably caused by .ent not being up to date with mesh
ERROR: Loading entity corpse_male_1: Skeletons in mesh file (C:/Games/XCOM 2/Amnesia - The Dark Descent/entities/organic/corpse_male/corpse_male.dae) and .ent file (C:/Games/XCOM 2/Amnesia - The Dark Descent/entities/organic/corpse_male/corpse_male.ent) differ! Probably caused by .ent not being up to date with mesh
  Entities: 8016 ms
  Compilation: 30 ms
  Total: 9208 ms
  Meshes created: 258
  Bodies created: 95
 -------- Loading complete ---------
WARNING: Entity 'object_19' with type 5 and subtype -1 does not exist!
-------- BEGIN SAVE TO: C:\Users\pepega_Based\Documents/Amnesia/Main/_____/AutoSave_PrisonNorth_2021_2_22_0_14_7_0.sav ---------
WARNING: particle system 0 in candlestick02_1 does not exist anymore!
WARNING: particle system 0 in torch_static01_6 does not exist anymore!
WARNING: particle system 0 in torch_static01_7 does not exist anymore!
WARNING: particle system 0 in torch_static01_8 does not exist anymore!
WARNING: particle system 0 in torch_static01_10 does not exist anymore!
WARNING: particle system 0 in torch_static01_11 does not exist anymore!
WARNING: particle system 0 in torch_static01_12 does not exist anymore!
WARNING: particle system 0 in torch_static01_13 does not exist anymore!
WARNING: particle system 0 in torch_static01_14 does not exist anymore!
WARNING: particle system 0 in torch_static01_15 does not exist anymore!
WARNING: particle system 0 in torch_static01_16 does not exist anymore!
WARNING: particle system 0 in torch_static01_18 does not exist anymore!
WARNING: particle system 0 in torch_static01_19 does not exist anymore!
WARNING: particle system 0 in torch_static01_20 does not exist anymore!
WARNING: particle system 0 in torch_static01_21 does not exist anymore!
WARNING: particle system 0 in torch_static01_22 does not exist anymore!
WARNING: particle system 0 in torch_static01_23 does not exist anymore!
WARNING: particle system 0 in torch_static01_24 does not exist anymore!
WARNING: particle system 0 in torch_static01_25 does not exist anymore!
WARNING: particle system 0 in torch_cp_1 does not exist anymore!
WARNING: particle system 0 in torch_cp_2 does not exist anymore!
WARNING: particle system 0 in torch_cp_3 does not exist anymore!
WARNING: particle system 0 in torch_cp_4 does not exist anymore!
-------- END SAVE ---------
ERROR: Couldn't create SoundEntity 'react_breathl.snt'
 -------- Loading map '16_cistern_entrance.map' ---------
    Cache Loading: 1403 ms
  Entities: 2628 ms
  Compilation: 11 ms
  Total: 4329 ms
  Meshes created: 158
  Bodies created: 26
 -------- Loading complete ---------
-------- BEGIN SAVE TO: C:\Users\pepega_Based\Documents/Amnesia/Main/_____/AutoSave_CisternEntrance_2021_2_22_0_38_18_0.sav ---------
-------- END SAVE ---------
ERROR: Sampler aNormalMap does not exist, could not bind it to unit 1
ERROR: Sampler aNormalMap does not exist, could not bind it to unit 1
ERROR: Could not find sound entity 'moveladder'
ERROR: Could not find sound entity 'sound_bridge_metal_vert_2'
 -------- Loading map '18_cistern.map' ---------
    Cache Loading: 2834 ms
ERROR: Sampler aNormalMap does not exist, could not bind it to unit 1
ERROR: Sampler aNormalMap does not exist, could not bind it to unit 1
  Entities: 2133 ms
  Compilation: 29 ms
  Total: 5362 ms
  Meshes created: 346
  Bodies created: 97
 -------- Loading complete ---------
-------- BEGIN SAVE TO: C:\Users\pepega_Based\Documents/Amnesia/Main/_____/AutoSave_Cistern_2021_2_22_0_45_21_0.sav ---------
-------- END SAVE ---------
WARNING: Entity 'AreaLurkerSound_3' does not exist!
WARNING: Entity 'AreaLurkerSound_3' does not exist!
WARNING: Entity 'AreaLurkerSound_3' does not exist!
 -------- Loading map '16_cistern_entrance.map' ---------
    Cache Loading: 580 ms
  Entities: 750 ms
  Compilation: 12 ms
  Total: 1544 ms
  Meshes created: 158
  Bodies created: 26
 -------- Loading complete ---------
-------- BEGIN SAVE TO: C:\Users\pepega_Based\Documents/Amnesia/Main/_____/AutoSave_CisternEntrance_2021_2_22_0_53_25_0.sav ---------
-------- END SAVE ---------
 -------- Loading map '17_control_room.map' ---------
    Cache Loading: 1480 ms
ERROR: Sampler aDiffuseMap does not exist, could not bind it to unit 0
ERROR: Sampler aDiffuseMap does not exist, could not bind it to unit 0
WARNING: Could not find child with unique ID 1 to attach to entity 'safety_normal_vert_valve_1_Body_1' in 'entities/door/safety_normal_vert/safety_normal_vert_valve.ent'
  Entities: 3985 ms
  Compilation: 39 ms
  Total: 5781 ms
  Meshes created: 208
  Bodies created: 65
 -------- Loading complete ---------
-------- BEGIN SAVE TO: C:\Users\pepega_Based\Documents/Amnesia/Main/_____/AutoSave_ControlRoom_2021_2_22_0_54_45_0.sav ---------
WARNING: particle system 0 in torch_static01_1 does not exist anymore!
WARNING: particle system 0 in torch_static01_2 does not exist anymore!
WARNING: particle system 0 in torch_static01_3 does not exist anymore!
WARNING: particle system 0 in torch_static01_4 does not exist anymore!
WARNING: particle system 0 in torch_static01_5 does not exist anymore!
WARNING: particle system 0 in torch_static01_6 does not exist anymore!
WARNING: particle system 0 in hanging_lantern_wall_1 does not exist anymore!
WARNING: particle system 0 in candle_floor_2 does not exist anymore!
WARNING: particle system 0 in candle_floor_3 does not exist anymore!
WARNING: particle system 0 in candle_floor_5 does not exist anymore!
WARNING: particle system 0 in hanging_lantern_wall_3 does not exist anymore!
WARNING: particle system 0 in candle_floor_8 does not exist anymore!
-------- END SAVE ---------
-------- BEGIN SAVE TO: C:\Users\pepega_Based\Documents/Amnesia/Main/_____/AutoSave_ControlRoom_2021_2_22_1_4_30_0.sav ---------
WARNING: particle system 0 in torch_static01_1 does not exist anymore!
WARNING: particle system 0 in torch_static01_2 does not exist anymore!
WARNING: particle system 0 in torch_static01_3 does not exist anymore!
WARNING: particle system 0 in torch_static01_4 does not exist anymore!
WARNING: particle system 0 in torch_static01_5 does not exist anymore!
WARNING: particle system 0 in torch_static01_6 does not exist anymore!
WARNING: particle system 0 in hanging_lantern_wall_1 does not exist anymore!
WARNING: particle system 0 in candle_floor_2 does not exist anymore!
WARNING: particle system 0 in candle_floor_3 does not exist anymore!
WARNING: particle system 0 in candle_floor_5 does not exist anymore!
WARNING: particle system 0 in hanging_lantern_wall_3 does not exist anymore!
WARNING: particle system 0 in candle_floor_8 does not exist anymore!
-------- END SAVE ---------
 -------- Loading map 'menu_bg.map' ---------
    Cache Loading: 747 ms
  Entities: 129 ms
  Compilation: 1 ms
  Total: 885 ms
  Meshes created: 26
  Bodies created: 5
 -------- Loading complete ---------
--------------------------------------------------------

Statistics
--------------------------------------------------------
 Medium framerate: 49.409353
--------------------------------------------------------

User Exit
--------------------------------------------------------
 Saving main config.
 Saving user config.
 Deleting game modules.
   'LuxInputHandler'
   'LuxHelpFuncs'
   'LuxSaveHandler'
   'LuxScriptHandler'
   'LuxProgressLogHandler'
   'LuxMapHandler'
   'LuxMapHelper'
   'LuxPlayer'
   'LuxInsanityHandler'
   'LuxDebugHandler'
   'LuxEffectRenderer'
   'LuxMusicHandler'
   'LuxMusicHandler'
   'LuxEffectHandler'
   'LuxCompletionCountHandler'
   'LuxGlobalDataHandler'
   'LuxHintHandler'
   'LuxPostEffectHandler'
   'AchievementHandler'
   'LuxPreMenu'
   'LuxDebugHandler'
   'LuxInventory'
   'LuxJournal'
   'LuxCredits'
   'LuxLoadScreenHandler'
 Deleting config files.
--------------------------------------------------------

Exiting Gui Module
--------------------------------------------------------
 Deleting all sets
 Deleting all skins
 Deleting all gfx elements
 Deleting all materials
--------------------------------------------------------

Exiting Generate Module
--------------------------------------------------------
--------------------------------------------------------

Exiting Scene Module
--------------------------------------------------------
--------------------------------------------------------

Exiting Input Module
--------------------------------------------------------
--------------------------------------------------------

Exiting Sound Module
--------------------------------------------------------
--------------------------------------------------------

Exiting Graphics Module
--------------------------------------------------------
--------------------------------------------------------

Exiting Resources Module
--------------------------------------------------------
 Done with fonts
 Done with scripts
 Done with particles
 Done with sounds
 Done with meshes
 Done with materials
 Done with Gpu programs
 Done with images
 Destroyed all textures
 Done with sound entities
 Done with animations
 Done with ent files
 All resources deleted
--------------------------------------------------------

Exiting Physics Module
--------------------------------------------------------
--------------------------------------------------------

Exiting System Module
--------------------------------------------------------
--------------------------------------------------------

 Deleting game setup provided by user
- Deleting lowlevel stuff.
  Physics
  Sound
  Input
  Resources
  System
  Graphics
  Haptic
HPL Exit was successful!

|--Memory Manager Report-------------------------------|
|
| No memory leaks detected. Memory left: 0
|
|------------------------------------------------------|

