-------- THE HPL ENGINE LOG ------------
Creating Engine Modules
--------------------------------------------------------
 Creating graphics module
 Creating system module
 Creating resource module
 Creating input module
 Creating sound module
 Creating physics module
 Creating ai module
 Creating gui module
 Creating generate module
 Creating haptic module
 Creating scene module
--------------------------------------------------------

Initializing Resources Module
--------------------------------------------------------
 Creating loader handlers 
 Creating resource managers
 Adding loaders to handlers 
--------------------------------------------------------

Initializing Graphics Module
--------------------------------------------------------
--------------------------------------------------------

Initializing Sound Module
--------------------------------------------------------
 Initializing OpenAL
  Available OpenAL devices:
   0. Generic Software on Динамики (Realtek High Definition Audio)(OpenAL default)
   1. Generic Software on Speakers (NVIDIA RTX Voice)
  Trying to open device 'Generic Software on Динамики (Realtek High Definition Audio)'... Success!
  Number of mono sources: 32
  Streaming setup: 2 Buffers x 524288 bytes each
--------------------------------------------------------

Initializing Game Module
--------------------------------------------------------
 Adding engine updates
 Initializing script functions
--------------------------------------------------------

User Initialization
--------------------------------------------------------
ERROR: Couldn't load language file 'config/lang_main/'
--------------------------------------------------------

Exiting Gui Module
--------------------------------------------------------
 Deleting all sets
 Deleting all skins
 Deleting all gfx elements
 Deleting all materials
--------------------------------------------------------

Exiting Generate Module
--------------------------------------------------------
--------------------------------------------------------

Exiting Scene Module
--------------------------------------------------------
--------------------------------------------------------

Exiting Input Module
--------------------------------------------------------
--------------------------------------------------------

Exiting Sound Module
--------------------------------------------------------
--------------------------------------------------------

Exiting Graphics Module
--------------------------------------------------------
--------------------------------------------------------

Exiting Resources Module
--------------------------------------------------------
 Done with fonts
 Done with scripts
 Done with particles
 Done with sounds
 Done with meshes
 Done with materials
 Done with Gpu programs
 Done with images
 Destroyed all textures
 Done with sound entities
 Done with animations
 Done with ent files
 All resources deleted
--------------------------------------------------------

Exiting Physics Module
--------------------------------------------------------
--------------------------------------------------------

Exiting System Module
--------------------------------------------------------
--------------------------------------------------------

 Deleting game setup provided by user
- Deleting lowlevel stuff.
  Physics
  Sound
  Input
  Resources
  System
  Graphics
  Haptic
HPL Exit was successful!
